# JRE version: Java(TM) SE Runtime Environment (8.0_161-b12) (build 1.8.0_161-b12)
# Java VM: Java HotSpot(TM) 64-Bit Server VM (25.161-b12 mixed mode bsd-amd64 compressed oops)
Heap:
 PSYoungGen      total 242688K, used 6652K [0x000000076ab00000, 0x000000077e000000, 0x00000007c0000000)
  eden space 228352K, 1% used [0x000000076ab00000,0x000000076af5f160,0x0000000778a00000)
  from space 14336K, 15% used [0x000000077d200000,0x000000077d420000,0x000000077e000000)
  to   space 44032K, 0% used [0x0000000778a00000,0x0000000778a00000,0x000000077b500000)
 ParOldGen       total 273408K, used 70205K [0x00000006c0000000, 0x00000006d0b00000, 0x000000076ab00000)
  object space 273408K, 25% used [0x00000006c0000000,0x00000006c448f6e8,0x00000006d0b00000)
 Metaspace       used 17687K, capacity 17995K, committed 18176K, reserved 1064960K
  class space    used 2126K, capacity 2243K, committed 2304K, reserved 1048576K
GC Heap History (10 events):
Event: 4.041 GC heap before
{Heap before GC invocations=4 (full 0):
 PSYoungGen      total 76288K, used 69627K [0x000000076ab00000, 0x0000000774000000, 0x00000007c0000000)
  eden space 65536K, 100% used [0x000000076ab00000,0x000000076eb00000,0x000000076eb00000)
  from space 10752K, 38% used [0x000000076eb00000,0x000000076eefec88,0x000000076f580000)
  to   space 10752K, 0% used [0x0000000773580000,0x0000000773580000,0x0000000774000000)
 ParOldGen       total 175104K, used 85309K [0x00000006c0000000, 0x00000006cab00000, 0x000000076ab00000)
  object space 175104K, 48% used [0x00000006c0000000,0x00000006c534f790,0x00000006cab00000)
 Metaspace       used 17665K, capacity 17995K, committed 18176K, reserved 1064960K
  class space    used 2125K, capacity 2243K, committed 2304K, reserved 1048576K
Event: 4.055 GC heap after
Heap after GC invocations=4 (full 0):
 PSYoungGen      total 141824K, used 4043K [0x000000076ab00000, 0x0000000774000000, 0x00000007c0000000)
  eden space 131072K, 0% used [0x000000076ab00000,0x000000076ab00000,0x0000000772b00000)
  from space 10752K, 37% used [0x0000000773580000,0x0000000773972c98,0x0000000774000000)
  to   space 10752K, 0% used [0x0000000772b00000,0x0000000772b00000,0x0000000773580000)
 ParOldGen       total 175104K, used 134461K [0x00000006c0000000, 0x00000006cab00000, 0x000000076ab00000)
  object space 175104K, 76% used [0x00000006c0000000,0x00000006c834f7c0,0x00000006cab00000)
 Metaspace       used 17665K, capacity 17995K, committed 18176K, reserved 1064960K
  class space    used 2125K, capacity 2243K, committed 2304K, reserved 1048576K
}
Event: 4.055 GC heap before
{Heap before GC invocations=5 (full 1):
 PSYoungGen      total 141824K, used 4043K [0x000000076ab00000, 0x0000000774000000, 0x00000007c0000000)
  eden space 131072K, 0% used [0x000000076ab00000,0x000000076ab00000,0x0000000772b00000)
  from space 10752K, 37% used [0x0000000773580000,0x0000000773972c98,0x0000000774000000)
  to   space 10752K, 0% used [0x0000000772b00000,0x0000000772b00000,0x0000000773580000)
 ParOldGen       total 175104K, used 134461K [0x00000006c0000000, 0x00000006cab00000, 0x000000076ab00000)
  object space 175104K, 76% used [0x00000006c0000000,0x00000006c834f7c0,0x00000006cab00000)
 Metaspace       used 17665K, capacity 17995K, committed 18176K, reserved 1064960K
  class space    used 2125K, capacity 2243K, committed 2304K, reserved 1048576K
Event: 4.074 GC heap after
Heap after GC invocations=5 (full 1):
 PSYoungGen      total 141824K, used 0K [0x000000076ab00000, 0x0000000774000000, 0x00000007c0000000)
  eden space 131072K, 0% used [0x000000076ab00000,0x000000076ab00000,0x0000000772b00000)
  from space 10752K, 0% used [0x0000000773580000,0x0000000773580000,0x0000000774000000)
  to   space 10752K, 0% used [0x0000000772b00000,0x0000000772b00000,0x0000000773580000)
 ParOldGen       total 177664K, used 37434K [0x00000006c0000000, 0x00000006cad80000, 0x000000076ab00000)
  object space 177664K, 21% used [0x00000006c0000000,0x00000006c248ea10,0x00000006cad80000)
 Metaspace       used 17665K, capacity 17995K, committed 18176K, reserved 1064960K
  class space    used 2125K, capacity 2243K, committed 2304K, reserved 1048576K
}
Event: 4.358 GC heap before
{Heap before GC invocations=6 (full 1):
 PSYoungGen      total 141824K, used 131072K [0x000000076ab00000, 0x0000000774000000, 0x00000007c0000000)
  eden space 131072K, 100% used [0x000000076ab00000,0x0000000772b00000,0x0000000772b00000)
  from space 10752K, 0% used [0x0000000773580000,0x0000000773580000,0x0000000774000000)
  to   space 10752K, 0% used [0x0000000772b00000,0x0000000772b00000,0x0000000773580000)
 ParOldGen       total 177664K, used 37434K [0x00000006c0000000, 0x00000006cad80000, 0x000000076ab00000)
  object space 177664K, 21% used [0x00000006c0000000,0x00000006c248ea10,0x00000006cad80000)
 Metaspace       used 17665K, capacity 17995K, committed 18176K, reserved 1064960K
  class space    used 2125K, capacity 2243K, committed 2304K, reserved 1048576K
Event: 4.372 GC heap after
Heap after GC invocations=6 (full 1):
 PSYoungGen      total 141824K, used 192K [0x000000076ab00000, 0x000000077ff80000, 0x00000007c0000000)
  eden space 131072K, 0% used [0x000000076ab00000,0x000000076ab00000,0x0000000772b00000)
  from space 10752K, 1% used [0x0000000772b00000,0x0000000772b30000,0x0000000773580000)
  to   space 46592K, 0% used [0x000000077d200000,0x000000077d200000,0x000000077ff80000)
 ParOldGen       total 177664K, used 152122K [0x00000006c0000000, 0x00000006cad80000, 0x000000076ab00000)
  object space 177664K, 85% used [0x00000006c0000000,0x00000006c948ea80,0x00000006cad80000)
 Metaspace       used 17665K, capacity 17995K, committed 18176K, reserved 1064960K
  class space    used 2125K, capacity 2243K, committed 2304K, reserved 1048576K
}
Event: 4.372 GC heap before
{Heap before GC invocations=7 (full 2):
 PSYoungGen      total 141824K, used 192K [0x000000076ab00000, 0x000000077ff80000, 0x00000007c0000000)
  eden space 131072K, 0% used [0x000000076ab00000,0x000000076ab00000,0x0000000772b00000)
  from space 10752K, 1% used [0x0000000772b00000,0x0000000772b30000,0x0000000773580000)
  to   space 46592K, 0% used [0x000000077d200000,0x000000077d200000,0x000000077ff80000)
 ParOldGen       total 177664K, used 152122K [0x00000006c0000000, 0x00000006cad80000, 0x000000076ab00000)
  object space 177664K, 85% used [0x00000006c0000000,0x00000006c948ea80,0x00000006cad80000)
 Metaspace       used 17665K, capacity 17995K, committed 18176K, reserved 1064960K
  class space    used 2125K, capacity 2243K, committed 2304K, reserved 1048576K
Event: 4.384 GC heap after
Heap after GC invocations=7 (full 2):
 PSYoungGen      total 141824K, used 0K [0x000000076ab00000, 0x000000077ff80000, 0x00000007c0000000)
  eden space 131072K, 0% used [0x000000076ab00000,0x000000076ab00000,0x0000000772b00000)
  from space 10752K, 0% used [0x0000000772b00000,0x0000000772b00000,0x0000000773580000)
  to   space 46592K, 0% used [0x000000077d200000,0x000000077d200000,0x000000077ff80000)
 ParOldGen       total 273408K, used 70205K [0x00000006c0000000, 0x00000006d0b00000, 0x000000076ab00000)
  object space 273408K, 25% used [0x00000006c0000000,0x00000006c448f6e8,0x00000006d0b00000)
 Metaspace       used 17665K, capacity 17995K, committed 18176K, reserved 1064960K
  class space    used 2125K, capacity 2243K, committed 2304K, reserved 1048576K
}
Event: 4.543 GC heap before
{Heap before GC invocations=8 (full 2):
 PSYoungGen      total 141824K, used 131072K [0x000000076ab00000, 0x000000077ff80000, 0x00000007c0000000)
  eden space 131072K, 100% used [0x000000076ab00000,0x0000000772b00000,0x0000000772b00000)
  from space 10752K, 0% used [0x0000000772b00000,0x0000000772b00000,0x0000000773580000)
  to   space 46592K, 0% used [0x000000077d200000,0x000000077d200000,0x000000077ff80000)
 ParOldGen       total 273408K, used 70205K [0x00000006c0000000, 0x00000006d0b00000, 0x000000076ab00000)
  object space 273408K, 25% used [0x00000006c0000000,0x00000006c448f6e8,0x00000006d0b00000)
 Metaspace       used 17667K, capacity 17995K, committed 18176K, reserved 1064960K
  class space    used 2125K, capacity 2243K, committed 2304K, reserved 1048576K
Event: 4.545 GC heap after
Heap after GC invocations=8 (full 2):
 PSYoungGen      total 242688K, used 2176K [0x000000076ab00000, 0x000000077e000000, 0x00000007c0000000)
  eden space 228352K, 0% used [0x000000076ab00000,0x000000076ab00000,0x0000000778a00000)
  from space 14336K, 15% used [0x000000077d200000,0x000000077d420000,0x000000077e000000)
  to   space 44032K, 0% used [0x0000000778a00000,0x0000000778a00000,0x000000077b500000)
 ParOldGen       total 273408K, used 70205K [0x00000006c0000000, 0x00000006d0b00000, 0x000000076ab00000)
  object space 273408K, 25% used [0x00000006c0000000,0x00000006c448f6e8,0x00000006d0b00000)
 Metaspace       used 17667K, capacity 17995K, committed 18176K, reserved 1064960K
  class space    used 2125K, capacity 2243K, committed 2304K, reserved 1048576K
}

