# JRE version: Java(TM) SE Runtime Environment (8.0_161-b12) (build 1.8.0_161-b12)
# Java VM: Java HotSpot(TM) 64-Bit Server VM (25.161-b12 mixed mode bsd-amd64 compressed oops)
Heap:
 PSYoungGen      total 243712K, used 6675K [0x000000076ab00000, 0x000000077e100000, 0x00000007c0000000)
  eden space 229376K, 1% used [0x000000076ab00000,0x000000076af64f38,0x0000000778b00000)
  from space 14336K, 15% used [0x000000077d300000,0x000000077d520000,0x000000077e100000)
  to   space 44032K, 0% used [0x0000000778b00000,0x0000000778b00000,0x000000077b600000)
 ParOldGen       total 272384K, used 70210K [0x00000006c0000000, 0x00000006d0a00000, 0x000000076ab00000)
  object space 272384K, 25% used [0x00000006c0000000,0x00000006c4490918,0x00000006d0a00000)
 Metaspace       used 17713K, capacity 18063K, committed 18176K, reserved 1064960K
  class space    used 2129K, capacity 2243K, committed 2304K, reserved 1048576K
GC Heap History (10 events):
Event: 4.661 GC heap before
{Heap before GC invocations=4 (full 0):
 PSYoungGen      total 76288K, used 69620K [0x000000076ab00000, 0x0000000774000000, 0x00000007c0000000)
  eden space 65536K, 100% used [0x000000076ab00000,0x000000076eb00000,0x000000076eb00000)
  from space 10752K, 37% used [0x000000076eb00000,0x000000076eefd120,0x000000076f580000)
  to   space 10752K, 0% used [0x0000000773580000,0x0000000773580000,0x0000000774000000)
 ParOldGen       total 175104K, used 85287K [0x00000006c0000000, 0x00000006cab00000, 0x000000076ab00000)
  object space 175104K, 48% used [0x00000006c0000000,0x00000006c5349d38,0x00000006cab00000)
 Metaspace       used 17690K, capacity 18063K, committed 18176K, reserved 1064960K
  class space    used 2129K, capacity 2243K, committed 2304K, reserved 1048576K
Event: 4.674 GC heap after
Heap after GC invocations=4 (full 0):
 PSYoungGen      total 141824K, used 4052K [0x000000076ab00000, 0x0000000774000000, 0x00000007c0000000)
  eden space 131072K, 0% used [0x000000076ab00000,0x000000076ab00000,0x0000000772b00000)
  from space 10752K, 37% used [0x0000000773580000,0x0000000773975120,0x0000000774000000)
  to   space 10752K, 0% used [0x0000000772b00000,0x0000000772b00000,0x0000000773580000)
 ParOldGen       total 175104K, used 134439K [0x00000006c0000000, 0x00000006cab00000, 0x000000076ab00000)
  object space 175104K, 76% used [0x00000006c0000000,0x00000006c8349d68,0x00000006cab00000)
 Metaspace       used 17690K, capacity 18063K, committed 18176K, reserved 1064960K
  class space    used 2129K, capacity 2243K, committed 2304K, reserved 1048576K
}
Event: 4.674 GC heap before
{Heap before GC invocations=5 (full 1):
 PSYoungGen      total 141824K, used 4052K [0x000000076ab00000, 0x0000000774000000, 0x00000007c0000000)
  eden space 131072K, 0% used [0x000000076ab00000,0x000000076ab00000,0x0000000772b00000)
  from space 10752K, 37% used [0x0000000773580000,0x0000000773975120,0x0000000774000000)
  to   space 10752K, 0% used [0x0000000772b00000,0x0000000772b00000,0x0000000773580000)
 ParOldGen       total 175104K, used 134439K [0x00000006c0000000, 0x00000006cab00000, 0x000000076ab00000)
  object space 175104K, 76% used [0x00000006c0000000,0x00000006c8349d68,0x00000006cab00000)
 Metaspace       used 17690K, capacity 18063K, committed 18176K, reserved 1064960K
  class space    used 2129K, capacity 2243K, committed 2304K, reserved 1048576K
Event: 4.690 GC heap after
Heap after GC invocations=5 (full 1):
 PSYoungGen      total 141824K, used 0K [0x000000076ab00000, 0x0000000774000000, 0x00000007c0000000)
  eden space 131072K, 0% used [0x000000076ab00000,0x000000076ab00000,0x0000000772b00000)
  from space 10752K, 0% used [0x0000000773580000,0x0000000773580000,0x0000000774000000)
  to   space 10752K, 0% used [0x0000000772b00000,0x0000000772b00000,0x0000000773580000)
 ParOldGen       total 177152K, used 37439K [0x00000006c0000000, 0x00000006cad00000, 0x000000076ab00000)
  object space 177152K, 21% used [0x00000006c0000000,0x00000006c248fc40,0x00000006cad00000)
 Metaspace       used 17690K, capacity 18063K, committed 18176K, reserved 1064960K
  class space    used 2129K, capacity 2243K, committed 2304K, reserved 1048576K
}
Event: 4.969 GC heap before
{Heap before GC invocations=6 (full 1):
 PSYoungGen      total 141824K, used 131072K [0x000000076ab00000, 0x0000000774000000, 0x00000007c0000000)
  eden space 131072K, 100% used [0x000000076ab00000,0x0000000772b00000,0x0000000772b00000)
  from space 10752K, 0% used [0x0000000773580000,0x0000000773580000,0x0000000774000000)
  to   space 10752K, 0% used [0x0000000772b00000,0x0000000772b00000,0x0000000773580000)
 ParOldGen       total 177152K, used 37439K [0x00000006c0000000, 0x00000006cad00000, 0x000000076ab00000)
  object space 177152K, 21% used [0x00000006c0000000,0x00000006c248fc40,0x00000006cad00000)
 Metaspace       used 17690K, capacity 18063K, committed 18176K, reserved 1064960K
  class space    used 2129K, capacity 2243K, committed 2304K, reserved 1048576K
Event: 4.982 GC heap after
Heap after GC invocations=6 (full 1):
 PSYoungGen      total 141824K, used 224K [0x000000076ab00000, 0x0000000780080000, 0x00000007c0000000)
  eden space 131072K, 0% used [0x000000076ab00000,0x000000076ab00000,0x0000000772b00000)
  from space 10752K, 2% used [0x0000000772b00000,0x0000000772b38000,0x0000000773580000)
  to   space 46592K, 0% used [0x000000077d300000,0x000000077d300000,0x0000000780080000)
 ParOldGen       total 177152K, used 152127K [0x00000006c0000000, 0x00000006cad00000, 0x000000076ab00000)
  object space 177152K, 85% used [0x00000006c0000000,0x00000006c948fcb0,0x00000006cad00000)
 Metaspace       used 17690K, capacity 18063K, committed 18176K, reserved 1064960K
  class space    used 2129K, capacity 2243K, committed 2304K, reserved 1048576K
}
Event: 4.982 GC heap before
{Heap before GC invocations=7 (full 2):
 PSYoungGen      total 141824K, used 224K [0x000000076ab00000, 0x0000000780080000, 0x00000007c0000000)
  eden space 131072K, 0% used [0x000000076ab00000,0x000000076ab00000,0x0000000772b00000)
  from space 10752K, 2% used [0x0000000772b00000,0x0000000772b38000,0x0000000773580000)
  to   space 46592K, 0% used [0x000000077d300000,0x000000077d300000,0x0000000780080000)
 ParOldGen       total 177152K, used 152127K [0x00000006c0000000, 0x00000006cad00000, 0x000000076ab00000)
  object space 177152K, 85% used [0x00000006c0000000,0x00000006c948fcb0,0x00000006cad00000)
 Metaspace       used 17690K, capacity 18063K, committed 18176K, reserved 1064960K
  class space    used 2129K, capacity 2243K, committed 2304K, reserved 1048576K
Event: 4.993 GC heap after
Heap after GC invocations=7 (full 2):
 PSYoungGen      total 141824K, used 0K [0x000000076ab00000, 0x0000000780080000, 0x00000007c0000000)
  eden space 131072K, 0% used [0x000000076ab00000,0x000000076ab00000,0x0000000772b00000)
  from space 10752K, 0% used [0x0000000772b00000,0x0000000772b00000,0x0000000773580000)
  to   space 46592K, 0% used [0x000000077d300000,0x000000077d300000,0x0000000780080000)
 ParOldGen       total 272384K, used 70210K [0x00000006c0000000, 0x00000006d0a00000, 0x000000076ab00000)
  object space 272384K, 25% used [0x00000006c0000000,0x00000006c4490918,0x00000006d0a00000)
 Metaspace       used 17690K, capacity 18063K, committed 18176K, reserved 1064960K
  class space    used 2129K, capacity 2243K, committed 2304K, reserved 1048576K
}
Event: 5.139 GC heap before
{Heap before GC invocations=8 (full 2):
 PSYoungGen      total 141824K, used 131072K [0x000000076ab00000, 0x0000000780080000, 0x00000007c0000000)
  eden space 131072K, 100% used [0x000000076ab00000,0x0000000772b00000,0x0000000772b00000)
  from space 10752K, 0% used [0x0000000772b00000,0x0000000772b00000,0x0000000773580000)
  to   space 46592K, 0% used [0x000000077d300000,0x000000077d300000,0x0000000780080000)
 ParOldGen       total 272384K, used 70210K [0x00000006c0000000, 0x00000006d0a00000, 0x000000076ab00000)
  object space 272384K, 25% used [0x00000006c0000000,0x00000006c4490918,0x00000006d0a00000)
 Metaspace       used 17692K, capacity 18063K, committed 18176K, reserved 1064960K
  class space    used 2129K, capacity 2243K, committed 2304K, reserved 1048576K
Event: 5.142 GC heap after
Heap after GC invocations=8 (full 2):
 PSYoungGen      total 243712K, used 2176K [0x000000076ab00000, 0x000000077e100000, 0x00000007c0000000)
  eden space 229376K, 0% used [0x000000076ab00000,0x000000076ab00000,0x0000000778b00000)
  from space 14336K, 15% used [0x000000077d300000,0x000000077d520000,0x000000077e100000)
  to   space 44032K, 0% used [0x0000000778b00000,0x0000000778b00000,0x000000077b600000)
 ParOldGen       total 272384K, used 70210K [0x00000006c0000000, 0x00000006d0a00000, 0x000000076ab00000)
  object space 272384K, 25% used [0x00000006c0000000,0x00000006c4490918,0x00000006d0a00000)
 Metaspace       used 17692K, capacity 18063K, committed 18176K, reserved 1064960K
  class space    used 2129K, capacity 2243K, committed 2304K, reserved 1048576K
}

