# JRE version: Java(TM) SE Runtime Environment (8.0_161-b12) (build 1.8.0_161-b12)
# Java VM: Java HotSpot(TM) 64-Bit Server VM (25.161-b12 mixed mode bsd-amd64 compressed oops)
Heap:
 PSYoungGen      total 244224K, used 6631K [0x000000076ab00000, 0x000000077e100000, 0x00000007c0000000)
  eden space 229376K, 1% used [0x000000076ab00000,0x000000076af64ca0,0x0000000778b00000)
  from space 14848K, 14% used [0x000000077d280000,0x000000077d495010,0x000000077e100000)
  to   space 44032K, 0% used [0x0000000778b00000,0x0000000778b00000,0x000000077b600000)
 ParOldGen       total 272896K, used 70230K [0x00000006c0000000, 0x00000006d0a80000, 0x000000076ab00000)
  object space 272896K, 25% used [0x00000006c0000000,0x00000006c4495940,0x00000006d0a80000)
 Metaspace       used 17828K, capacity 18173K, committed 18432K, reserved 1064960K
  class space    used 2156K, capacity 2276K, committed 2304K, reserved 1048576K
GC Heap History (10 events):
Event: 4.090 GC heap before
{Heap before GC invocations=4 (full 0):
 PSYoungGen      total 76288K, used 69668K [0x000000076ab00000, 0x0000000774000000, 0x00000007c0000000)
  eden space 65536K, 100% used [0x000000076ab00000,0x000000076eb00000,0x000000076eb00000)
  from space 10752K, 38% used [0x000000076eb00000,0x000000076ef09110,0x000000076f580000)
  to   space 10752K, 0% used [0x0000000773580000,0x0000000773580000,0x0000000774000000)
 ParOldGen       total 175104K, used 84979K [0x00000006c0000000, 0x00000006cab00000, 0x000000076ab00000)
  object space 175104K, 48% used [0x00000006c0000000,0x00000006c52fcd18,0x00000006cab00000)
 Metaspace       used 17819K, capacity 18173K, committed 18432K, reserved 1064960K
  class space    used 2156K, capacity 2276K, committed 2304K, reserved 1048576K
Event: 4.105 GC heap after
Heap after GC invocations=4 (full 0):
 PSYoungGen      total 141824K, used 4100K [0x000000076ab00000, 0x0000000774000000, 0x00000007c0000000)
  eden space 131072K, 0% used [0x000000076ab00000,0x000000076ab00000,0x0000000772b00000)
  from space 10752K, 38% used [0x0000000773580000,0x0000000773981110,0x0000000774000000)
  to   space 10752K, 0% used [0x0000000772b00000,0x0000000772b00000,0x0000000773580000)
 ParOldGen       total 175104K, used 134131K [0x00000006c0000000, 0x00000006cab00000, 0x000000076ab00000)
  object space 175104K, 76% used [0x00000006c0000000,0x00000006c82fcd48,0x00000006cab00000)
 Metaspace       used 17819K, capacity 18173K, committed 18432K, reserved 1064960K
  class space    used 2156K, capacity 2276K, committed 2304K, reserved 1048576K
}
Event: 4.105 GC heap before
{Heap before GC invocations=5 (full 1):
 PSYoungGen      total 141824K, used 4100K [0x000000076ab00000, 0x0000000774000000, 0x00000007c0000000)
  eden space 131072K, 0% used [0x000000076ab00000,0x000000076ab00000,0x0000000772b00000)
  from space 10752K, 38% used [0x0000000773580000,0x0000000773981110,0x0000000774000000)
  to   space 10752K, 0% used [0x0000000772b00000,0x0000000772b00000,0x0000000773580000)
 ParOldGen       total 175104K, used 134131K [0x00000006c0000000, 0x00000006cab00000, 0x000000076ab00000)
  object space 175104K, 76% used [0x00000006c0000000,0x00000006c82fcd48,0x00000006cab00000)
 Metaspace       used 17819K, capacity 18173K, committed 18432K, reserved 1064960K
  class space    used 2156K, capacity 2276K, committed 2304K, reserved 1048576K
Event: 4.122 GC heap after
Heap after GC invocations=5 (full 1):
 PSYoungGen      total 141824K, used 0K [0x000000076ab00000, 0x0000000774000000, 0x00000007c0000000)
  eden space 131072K, 0% used [0x000000076ab00000,0x000000076ab00000,0x0000000772b00000)
  from space 10752K, 0% used [0x0000000773580000,0x0000000773580000,0x0000000774000000)
  to   space 10752K, 0% used [0x0000000772b00000,0x0000000772b00000,0x0000000773580000)
 ParOldGen       total 177152K, used 37459K [0x00000006c0000000, 0x00000006cad00000, 0x000000076ab00000)
  object space 177152K, 21% used [0x00000006c0000000,0x00000006c2494c68,0x00000006cad00000)
 Metaspace       used 17819K, capacity 18173K, committed 18432K, reserved 1064960K
  class space    used 2156K, capacity 2276K, committed 2304K, reserved 1048576K
}
Event: 4.401 GC heap before
{Heap before GC invocations=6 (full 1):
 PSYoungGen      total 141824K, used 131072K [0x000000076ab00000, 0x0000000774000000, 0x00000007c0000000)
  eden space 131072K, 100% used [0x000000076ab00000,0x0000000772b00000,0x0000000772b00000)
  from space 10752K, 0% used [0x0000000773580000,0x0000000773580000,0x0000000774000000)
  to   space 10752K, 0% used [0x0000000772b00000,0x0000000772b00000,0x0000000773580000)
 ParOldGen       total 177152K, used 37459K [0x00000006c0000000, 0x00000006cad00000, 0x000000076ab00000)
  object space 177152K, 21% used [0x00000006c0000000,0x00000006c2494c68,0x00000006cad00000)
 Metaspace       used 17819K, capacity 18173K, committed 18432K, reserved 1064960K
  class space    used 2156K, capacity 2276K, committed 2304K, reserved 1048576K
Event: 4.416 GC heap after
Heap after GC invocations=6 (full 1):
 PSYoungGen      total 141824K, used 256K [0x000000076ab00000, 0x0000000780000000, 0x00000007c0000000)
  eden space 131072K, 0% used [0x000000076ab00000,0x000000076ab00000,0x0000000772b00000)
  from space 10752K, 2% used [0x0000000772b00000,0x0000000772b40000,0x0000000773580000)
  to   space 46592K, 0% used [0x000000077d280000,0x000000077d280000,0x0000000780000000)
 ParOldGen       total 177152K, used 152147K [0x00000006c0000000, 0x00000006cad00000, 0x000000076ab00000)
  object space 177152K, 85% used [0x00000006c0000000,0x00000006c9494cd8,0x00000006cad00000)
 Metaspace       used 17819K, capacity 18173K, committed 18432K, reserved 1064960K
  class space    used 2156K, capacity 2276K, committed 2304K, reserved 1048576K
}
Event: 4.416 GC heap before
{Heap before GC invocations=7 (full 2):
 PSYoungGen      total 141824K, used 256K [0x000000076ab00000, 0x0000000780000000, 0x00000007c0000000)
  eden space 131072K, 0% used [0x000000076ab00000,0x000000076ab00000,0x0000000772b00000)
  from space 10752K, 2% used [0x0000000772b00000,0x0000000772b40000,0x0000000773580000)
  to   space 46592K, 0% used [0x000000077d280000,0x000000077d280000,0x0000000780000000)
 ParOldGen       total 177152K, used 152147K [0x00000006c0000000, 0x00000006cad00000, 0x000000076ab00000)
  object space 177152K, 85% used [0x00000006c0000000,0x00000006c9494cd8,0x00000006cad00000)
 Metaspace       used 17819K, capacity 18173K, committed 18432K, reserved 1064960K
  class space    used 2156K, capacity 2276K, committed 2304K, reserved 1048576K
Event: 4.428 GC heap after
Heap after GC invocations=7 (full 2):
 PSYoungGen      total 141824K, used 0K [0x000000076ab00000, 0x0000000780000000, 0x00000007c0000000)
  eden space 131072K, 0% used [0x000000076ab00000,0x000000076ab00000,0x0000000772b00000)
  from space 10752K, 0% used [0x0000000772b00000,0x0000000772b00000,0x0000000773580000)
  to   space 46592K, 0% used [0x000000077d280000,0x000000077d280000,0x0000000780000000)
 ParOldGen       total 272896K, used 70230K [0x00000006c0000000, 0x00000006d0a80000, 0x000000076ab00000)
  object space 272896K, 25% used [0x00000006c0000000,0x00000006c4495940,0x00000006d0a80000)
 Metaspace       used 17819K, capacity 18173K, committed 18432K, reserved 1064960K
  class space    used 2156K, capacity 2276K, committed 2304K, reserved 1048576K
}
Event: 4.580 GC heap before
{Heap before GC invocations=8 (full 2):
 PSYoungGen      total 141824K, used 131072K [0x000000076ab00000, 0x0000000780000000, 0x00000007c0000000)
  eden space 131072K, 100% used [0x000000076ab00000,0x0000000772b00000,0x0000000772b00000)
  from space 10752K, 0% used [0x0000000772b00000,0x0000000772b00000,0x0000000773580000)
  to   space 46592K, 0% used [0x000000077d280000,0x000000077d280000,0x0000000780000000)
 ParOldGen       total 272896K, used 70230K [0x00000006c0000000, 0x00000006d0a80000, 0x000000076ab00000)
  object space 272896K, 25% used [0x00000006c0000000,0x00000006c4495940,0x00000006d0a80000)
 Metaspace       used 17820K, capacity 18173K, committed 18432K, reserved 1064960K
  class space    used 2156K, capacity 2276K, committed 2304K, reserved 1048576K
Event: 4.582 GC heap after
Heap after GC invocations=8 (full 2):
 PSYoungGen      total 244224K, used 2132K [0x000000076ab00000, 0x000000077e100000, 0x00000007c0000000)
  eden space 229376K, 0% used [0x000000076ab00000,0x000000076ab00000,0x0000000778b00000)
  from space 14848K, 14% used [0x000000077d280000,0x000000077d495010,0x000000077e100000)
  to   space 44032K, 0% used [0x0000000778b00000,0x0000000778b00000,0x000000077b600000)
 ParOldGen       total 272896K, used 70230K [0x00000006c0000000, 0x00000006d0a80000, 0x000000076ab00000)
  object space 272896K, 25% used [0x00000006c0000000,0x00000006c4495940,0x00000006d0a80000)
 Metaspace       used 17820K, capacity 18173K, committed 18432K, reserved 1064960K
  class space    used 2156K, capacity 2276K, committed 2304K, reserved 1048576K
}

