# JRE version: Java(TM) SE Runtime Environment (8.0_161-b12) (build 1.8.0_161-b12)
# Java VM: Java HotSpot(TM) 64-Bit Server VM (25.161-b12 mixed mode bsd-amd64 compressed oops)
Heap:
 PSYoungGen      total 241152K, used 6651K [0x000000076ab00000, 0x000000077e000000, 0x00000007c0000000)
  eden space 228352K, 1% used [0x000000076ab00000,0x000000076af5ecb0,0x0000000778a00000)
  from space 12800K, 17% used [0x000000077d380000,0x000000077d5a0000,0x000000077e000000)
  to   space 44032K, 0% used [0x0000000778a00000,0x0000000778a00000,0x000000077b500000)
 ParOldGen       total 272384K, used 70250K [0x00000006c0000000, 0x00000006d0a00000, 0x000000076ab00000)
  object space 272384K, 25% used [0x00000006c0000000,0x00000006c449a8f0,0x00000006d0a00000)
 Metaspace       used 17715K, capacity 18055K, committed 18176K, reserved 1064960K
  class space    used 2138K, capacity 2243K, committed 2304K, reserved 1048576K
GC Heap History (10 events):
Event: 4.954 GC heap before
{Heap before GC invocations=4 (full 0):
 PSYoungGen      total 76288K, used 69588K [0x000000076ab00000, 0x0000000774000000, 0x00000007c0000000)
  eden space 65536K, 100% used [0x000000076ab00000,0x000000076eb00000,0x000000076eb00000)
  from space 10752K, 37% used [0x000000076eb00000,0x000000076eef5120,0x000000076f580000)
  to   space 10752K, 0% used [0x0000000773580000,0x0000000773580000,0x0000000774000000)
 ParOldGen       total 175104K, used 84965K [0x00000006c0000000, 0x00000006cab00000, 0x000000076ab00000)
  object space 175104K, 48% used [0x00000006c0000000,0x00000006c52f94f8,0x00000006cab00000)
 Metaspace       used 17693K, capacity 18055K, committed 18176K, reserved 1064960K
  class space    used 2138K, capacity 2243K, committed 2304K, reserved 1048576K
Event: 4.968 GC heap after
Heap after GC invocations=4 (full 0):
 PSYoungGen      total 141824K, used 4036K [0x000000076ab00000, 0x0000000774000000, 0x00000007c0000000)
  eden space 131072K, 0% used [0x000000076ab00000,0x000000076ab00000,0x0000000772b00000)
  from space 10752K, 37% used [0x0000000773580000,0x0000000773971110,0x0000000774000000)
  to   space 10752K, 0% used [0x0000000772b00000,0x0000000772b00000,0x0000000773580000)
 ParOldGen       total 175104K, used 134125K [0x00000006c0000000, 0x00000006cab00000, 0x000000076ab00000)
  object space 175104K, 76% used [0x00000006c0000000,0x00000006c82fb528,0x00000006cab00000)
 Metaspace       used 17693K, capacity 18055K, committed 18176K, reserved 1064960K
  class space    used 2138K, capacity 2243K, committed 2304K, reserved 1048576K
}
Event: 4.968 GC heap before
{Heap before GC invocations=5 (full 1):
 PSYoungGen      total 141824K, used 4036K [0x000000076ab00000, 0x0000000774000000, 0x00000007c0000000)
  eden space 131072K, 0% used [0x000000076ab00000,0x000000076ab00000,0x0000000772b00000)
  from space 10752K, 37% used [0x0000000773580000,0x0000000773971110,0x0000000774000000)
  to   space 10752K, 0% used [0x0000000772b00000,0x0000000772b00000,0x0000000773580000)
 ParOldGen       total 175104K, used 134125K [0x00000006c0000000, 0x00000006cab00000, 0x000000076ab00000)
  object space 175104K, 76% used [0x00000006c0000000,0x00000006c82fb528,0x00000006cab00000)
 Metaspace       used 17693K, capacity 18055K, committed 18176K, reserved 1064960K
  class space    used 2138K, capacity 2243K, committed 2304K, reserved 1048576K
Event: 4.985 GC heap after
Heap after GC invocations=5 (full 1):
 PSYoungGen      total 141824K, used 0K [0x000000076ab00000, 0x0000000774000000, 0x00000007c0000000)
  eden space 131072K, 0% used [0x000000076ab00000,0x000000076ab00000,0x0000000772b00000)
  from space 10752K, 0% used [0x0000000773580000,0x0000000773580000,0x0000000774000000)
  to   space 10752K, 0% used [0x0000000772b00000,0x0000000772b00000,0x0000000773580000)
 ParOldGen       total 177152K, used 37479K [0x00000006c0000000, 0x00000006cad00000, 0x000000076ab00000)
  object space 177152K, 21% used [0x00000006c0000000,0x00000006c2499c18,0x00000006cad00000)
 Metaspace       used 17693K, capacity 18055K, committed 18176K, reserved 1064960K
  class space    used 2138K, capacity 2243K, committed 2304K, reserved 1048576K
}
Event: 5.266 GC heap before
{Heap before GC invocations=6 (full 1):
 PSYoungGen      total 141824K, used 131072K [0x000000076ab00000, 0x0000000774000000, 0x00000007c0000000)
  eden space 131072K, 100% used [0x000000076ab00000,0x0000000772b00000,0x0000000772b00000)
  from space 10752K, 0% used [0x0000000773580000,0x0000000773580000,0x0000000774000000)
  to   space 10752K, 0% used [0x0000000772b00000,0x0000000772b00000,0x0000000773580000)
 ParOldGen       total 177152K, used 37479K [0x00000006c0000000, 0x00000006cad00000, 0x000000076ab00000)
  object space 177152K, 21% used [0x00000006c0000000,0x00000006c2499c18,0x00000006cad00000)
 Metaspace       used 17693K, capacity 18055K, committed 18176K, reserved 1064960K
  class space    used 2138K, capacity 2243K, committed 2304K, reserved 1048576K
Event: 5.280 GC heap after
Heap after GC invocations=6 (full 1):
 PSYoungGen      total 141824K, used 256K [0x000000076ab00000, 0x0000000780100000, 0x00000007c0000000)
  eden space 131072K, 0% used [0x000000076ab00000,0x000000076ab00000,0x0000000772b00000)
  from space 10752K, 2% used [0x0000000772b00000,0x0000000772b40000,0x0000000773580000)
  to   space 46592K, 0% used [0x000000077d380000,0x000000077d380000,0x0000000780100000)
 ParOldGen       total 177152K, used 152167K [0x00000006c0000000, 0x00000006cad00000, 0x000000076ab00000)
  object space 177152K, 85% used [0x00000006c0000000,0x00000006c9499c88,0x00000006cad00000)
 Metaspace       used 17693K, capacity 18055K, committed 18176K, reserved 1064960K
  class space    used 2138K, capacity 2243K, committed 2304K, reserved 1048576K
}
Event: 5.280 GC heap before
{Heap before GC invocations=7 (full 2):
 PSYoungGen      total 141824K, used 256K [0x000000076ab00000, 0x0000000780100000, 0x00000007c0000000)
  eden space 131072K, 0% used [0x000000076ab00000,0x000000076ab00000,0x0000000772b00000)
  from space 10752K, 2% used [0x0000000772b00000,0x0000000772b40000,0x0000000773580000)
  to   space 46592K, 0% used [0x000000077d380000,0x000000077d380000,0x0000000780100000)
 ParOldGen       total 177152K, used 152167K [0x00000006c0000000, 0x00000006cad00000, 0x000000076ab00000)
  object space 177152K, 85% used [0x00000006c0000000,0x00000006c9499c88,0x00000006cad00000)
 Metaspace       used 17693K, capacity 18055K, committed 18176K, reserved 1064960K
  class space    used 2138K, capacity 2243K, committed 2304K, reserved 1048576K
Event: 5.292 GC heap after
Heap after GC invocations=7 (full 2):
 PSYoungGen      total 141824K, used 0K [0x000000076ab00000, 0x0000000780100000, 0x00000007c0000000)
  eden space 131072K, 0% used [0x000000076ab00000,0x000000076ab00000,0x0000000772b00000)
  from space 10752K, 0% used [0x0000000772b00000,0x0000000772b00000,0x0000000773580000)
  to   space 46592K, 0% used [0x000000077d380000,0x000000077d380000,0x0000000780100000)
 ParOldGen       total 272384K, used 70250K [0x00000006c0000000, 0x00000006d0a00000, 0x000000076ab00000)
  object space 272384K, 25% used [0x00000006c0000000,0x00000006c449a8f0,0x00000006d0a00000)
 Metaspace       used 17693K, capacity 18055K, committed 18176K, reserved 1064960K
  class space    used 2138K, capacity 2243K, committed 2304K, reserved 1048576K
}
Event: 5.440 GC heap before
{Heap before GC invocations=8 (full 2):
 PSYoungGen      total 141824K, used 131072K [0x000000076ab00000, 0x0000000780100000, 0x00000007c0000000)
  eden space 131072K, 100% used [0x000000076ab00000,0x0000000772b00000,0x0000000772b00000)
  from space 10752K, 0% used [0x0000000772b00000,0x0000000772b00000,0x0000000773580000)
  to   space 46592K, 0% used [0x000000077d380000,0x000000077d380000,0x0000000780100000)
 ParOldGen       total 272384K, used 70250K [0x00000006c0000000, 0x00000006d0a00000, 0x000000076ab00000)
  object space 272384K, 25% used [0x00000006c0000000,0x00000006c449a8f0,0x00000006d0a00000)
 Metaspace       used 17694K, capacity 18055K, committed 18176K, reserved 1064960K
  class space    used 2138K, capacity 2243K, committed 2304K, reserved 1048576K
Event: 5.442 GC heap after
Heap after GC invocations=8 (full 2):
 PSYoungGen      total 241152K, used 2176K [0x000000076ab00000, 0x000000077e000000, 0x00000007c0000000)
  eden space 228352K, 0% used [0x000000076ab00000,0x000000076ab00000,0x0000000778a00000)
  from space 12800K, 17% used [0x000000077d380000,0x000000077d5a0000,0x000000077e000000)
  to   space 44032K, 0% used [0x0000000778a00000,0x0000000778a00000,0x000000077b500000)
 ParOldGen       total 272384K, used 70250K [0x00000006c0000000, 0x00000006d0a00000, 0x000000076ab00000)
  object space 272384K, 25% used [0x00000006c0000000,0x00000006c449a8f0,0x00000006d0a00000)
 Metaspace       used 17694K, capacity 18055K, committed 18176K, reserved 1064960K
  class space    used 2138K, capacity 2243K, committed 2304K, reserved 1048576K
}

