# JRE version: Java(TM) SE Runtime Environment (8.0_161-b12) (build 1.8.0_161-b12)
# Java VM: Java HotSpot(TM) 64-Bit Server VM (25.161-b12 mixed mode bsd-amd64 compressed oops)
Heap:
 PSYoungGen      total 246272K, used 6707K [0x000000076ab00000, 0x000000077e300000, 0x00000007c0000000)
  eden space 229376K, 1% used [0x000000076ab00000,0x000000076af64e88,0x0000000778b00000)
  from space 16896K, 13% used [0x000000077d280000,0x000000077d4a8000,0x000000077e300000)
  to   space 45056K, 0% used [0x0000000778b00000,0x0000000778b00000,0x000000077b700000)
 ParOldGen       total 276480K, used 70204K [0x00000006c0000000, 0x00000006d0e00000, 0x000000076ab00000)
  object space 276480K, 25% used [0x00000006c0000000,0x00000006c448f250,0x00000006d0e00000)
 Metaspace       used 17645K, capacity 17987K, committed 18176K, reserved 1064960K
  class space    used 2125K, capacity 2243K, committed 2304K, reserved 1048576K
GC Heap History (10 events):
Event: 4.050 GC heap before
{Heap before GC invocations=4 (full 0):
 PSYoungGen      total 76288K, used 73236K [0x000000076ab00000, 0x0000000774000000, 0x00000007c0000000)
  eden space 65536K, 100% used [0x000000076ab00000,0x000000076eb00000,0x000000076eb00000)
  from space 10752K, 71% used [0x000000076eb00000,0x000000076f285140,0x000000076f580000)
  to   space 10752K, 0% used [0x0000000773580000,0x0000000773580000,0x0000000774000000)
 ParOldGen       total 175104K, used 89533K [0x00000006c0000000, 0x00000006cab00000, 0x000000076ab00000)
  object space 175104K, 51% used [0x00000006c0000000,0x00000006c576f528,0x00000006cab00000)
 Metaspace       used 17635K, capacity 17987K, committed 18176K, reserved 1064960K
  class space    used 2125K, capacity 2243K, committed 2304K, reserved 1048576K
Event: 4.064 GC heap after
Heap after GC invocations=4 (full 0):
 PSYoungGen      total 141824K, used 7876K [0x000000076ab00000, 0x0000000774000000, 0x00000007c0000000)
  eden space 131072K, 0% used [0x000000076ab00000,0x000000076ab00000,0x0000000772b00000)
  from space 10752K, 73% used [0x0000000773580000,0x0000000773d31140,0x0000000774000000)
  to   space 10752K, 0% used [0x0000000772b00000,0x0000000772b00000,0x0000000773580000)
 ParOldGen       total 175104K, used 142781K [0x00000006c0000000, 0x00000006cab00000, 0x000000076ab00000)
  object space 175104K, 81% used [0x00000006c0000000,0x00000006c8b6f568,0x00000006cab00000)
 Metaspace       used 17635K, capacity 17987K, committed 18176K, reserved 1064960K
  class space    used 2125K, capacity 2243K, committed 2304K, reserved 1048576K
}
Event: 4.064 GC heap before
{Heap before GC invocations=5 (full 1):
 PSYoungGen      total 141824K, used 7876K [0x000000076ab00000, 0x0000000774000000, 0x00000007c0000000)
  eden space 131072K, 0% used [0x000000076ab00000,0x000000076ab00000,0x0000000772b00000)
  from space 10752K, 73% used [0x0000000773580000,0x0000000773d31140,0x0000000774000000)
  to   space 10752K, 0% used [0x0000000772b00000,0x0000000772b00000,0x0000000773580000)
 ParOldGen       total 175104K, used 142781K [0x00000006c0000000, 0x00000006cab00000, 0x000000076ab00000)
  object space 175104K, 81% used [0x00000006c0000000,0x00000006c8b6f568,0x00000006cab00000)
 Metaspace       used 17635K, capacity 17987K, committed 18176K, reserved 1064960K
  class space    used 2125K, capacity 2243K, committed 2304K, reserved 1048576K
Event: 4.082 GC heap after
Heap after GC invocations=5 (full 1):
 PSYoungGen      total 141824K, used 0K [0x000000076ab00000, 0x0000000774000000, 0x00000007c0000000)
  eden space 131072K, 0% used [0x000000076ab00000,0x000000076ab00000,0x0000000772b00000)
  from space 10752K, 0% used [0x0000000773580000,0x0000000773580000,0x0000000774000000)
  to   space 10752K, 0% used [0x0000000772b00000,0x0000000772b00000,0x0000000773580000)
 ParOldGen       total 183296K, used 37433K [0x00000006c0000000, 0x00000006cb300000, 0x000000076ab00000)
  object space 183296K, 20% used [0x00000006c0000000,0x00000006c248e578,0x00000006cb300000)
 Metaspace       used 17635K, capacity 17987K, committed 18176K, reserved 1064960K
  class space    used 2125K, capacity 2243K, committed 2304K, reserved 1048576K
}
Event: 4.364 GC heap before
{Heap before GC invocations=6 (full 1):
 PSYoungGen      total 141824K, used 131072K [0x000000076ab00000, 0x0000000774000000, 0x00000007c0000000)
  eden space 131072K, 100% used [0x000000076ab00000,0x0000000772b00000,0x0000000772b00000)
  from space 10752K, 0% used [0x0000000773580000,0x0000000773580000,0x0000000774000000)
  to   space 10752K, 0% used [0x0000000772b00000,0x0000000772b00000,0x0000000773580000)
 ParOldGen       total 183296K, used 37433K [0x00000006c0000000, 0x00000006cb300000, 0x000000076ab00000)
  object space 183296K, 20% used [0x00000006c0000000,0x00000006c248e578,0x00000006cb300000)
 Metaspace       used 17635K, capacity 17987K, committed 18176K, reserved 1064960K
  class space    used 2125K, capacity 2243K, committed 2304K, reserved 1048576K
Event: 4.376 GC heap after
Heap after GC invocations=6 (full 1):
 PSYoungGen      total 141824K, used 128K [0x000000076ab00000, 0x0000000780080000, 0x00000007c0000000)
  eden space 131072K, 0% used [0x000000076ab00000,0x000000076ab00000,0x0000000772b00000)
  from space 10752K, 1% used [0x0000000772b00000,0x0000000772b20000,0x0000000773580000)
  to   space 47104K, 0% used [0x000000077d280000,0x000000077d280000,0x0000000780080000)
 ParOldGen       total 183296K, used 152121K [0x00000006c0000000, 0x00000006cb300000, 0x000000076ab00000)
  object space 183296K, 82% used [0x00000006c0000000,0x00000006c948e5e8,0x00000006cb300000)
 Metaspace       used 17635K, capacity 17987K, committed 18176K, reserved 1064960K
  class space    used 2125K, capacity 2243K, committed 2304K, reserved 1048576K
}
Event: 4.376 GC heap before
{Heap before GC invocations=7 (full 2):
 PSYoungGen      total 141824K, used 128K [0x000000076ab00000, 0x0000000780080000, 0x00000007c0000000)
  eden space 131072K, 0% used [0x000000076ab00000,0x000000076ab00000,0x0000000772b00000)
  from space 10752K, 1% used [0x0000000772b00000,0x0000000772b20000,0x0000000773580000)
  to   space 47104K, 0% used [0x000000077d280000,0x000000077d280000,0x0000000780080000)
 ParOldGen       total 183296K, used 152121K [0x00000006c0000000, 0x00000006cb300000, 0x000000076ab00000)
  object space 183296K, 82% used [0x00000006c0000000,0x00000006c948e5e8,0x00000006cb300000)
 Metaspace       used 17635K, capacity 17987K, committed 18176K, reserved 1064960K
  class space    used 2125K, capacity 2243K, committed 2304K, reserved 1048576K
Event: 4.388 GC heap after
Heap after GC invocations=7 (full 2):
 PSYoungGen      total 141824K, used 0K [0x000000076ab00000, 0x0000000780080000, 0x00000007c0000000)
  eden space 131072K, 0% used [0x000000076ab00000,0x000000076ab00000,0x0000000772b00000)
  from space 10752K, 0% used [0x0000000772b00000,0x0000000772b00000,0x0000000773580000)
  to   space 47104K, 0% used [0x000000077d280000,0x000000077d280000,0x0000000780080000)
 ParOldGen       total 276480K, used 70204K [0x00000006c0000000, 0x00000006d0e00000, 0x000000076ab00000)
  object space 276480K, 25% used [0x00000006c0000000,0x00000006c448f250,0x00000006d0e00000)
 Metaspace       used 17635K, capacity 17987K, committed 18176K, reserved 1064960K
  class space    used 2125K, capacity 2243K, committed 2304K, reserved 1048576K
}
Event: 4.541 GC heap before
{Heap before GC invocations=8 (full 2):
 PSYoungGen      total 141824K, used 131072K [0x000000076ab00000, 0x0000000780080000, 0x00000007c0000000)
  eden space 131072K, 100% used [0x000000076ab00000,0x0000000772b00000,0x0000000772b00000)
  from space 10752K, 0% used [0x0000000772b00000,0x0000000772b00000,0x0000000773580000)
  to   space 47104K, 0% used [0x000000077d280000,0x000000077d280000,0x0000000780080000)
 ParOldGen       total 276480K, used 70204K [0x00000006c0000000, 0x00000006d0e00000, 0x000000076ab00000)
  object space 276480K, 25% used [0x00000006c0000000,0x00000006c448f250,0x00000006d0e00000)
 Metaspace       used 17637K, capacity 17987K, committed 18176K, reserved 1064960K
  class space    used 2125K, capacity 2243K, committed 2304K, reserved 1048576K
Event: 4.543 GC heap after
Heap after GC invocations=8 (full 2):
 PSYoungGen      total 246272K, used 2208K [0x000000076ab00000, 0x000000077e300000, 0x00000007c0000000)
  eden space 229376K, 0% used [0x000000076ab00000,0x000000076ab00000,0x0000000778b00000)
  from space 16896K, 13% used [0x000000077d280000,0x000000077d4a8000,0x000000077e300000)
  to   space 45056K, 0% used [0x0000000778b00000,0x0000000778b00000,0x000000077b700000)
 ParOldGen       total 276480K, used 70204K [0x00000006c0000000, 0x00000006d0e00000, 0x000000076ab00000)
  object space 276480K, 25% used [0x00000006c0000000,0x00000006c448f250,0x00000006d0e00000)
 Metaspace       used 17637K, capacity 17987K, committed 18176K, reserved 1064960K
  class space    used 2125K, capacity 2243K, committed 2304K, reserved 1048576K
}

