# JRE version: Java(TM) SE Runtime Environment (8.0_161-b12) (build 1.8.0_161-b12)
# Java VM: Java HotSpot(TM) 64-Bit Server VM (25.161-b12 mixed mode bsd-amd64 compressed oops)
Heap:
 PSYoungGen      total 242176K, used 6701K [0x000000076ab00000, 0x000000077df80000, 0x00000007c0000000)
  eden space 227840K, 1% used [0x000000076ab00000,0x000000076af664f0,0x0000000778980000)
  from space 14336K, 15% used [0x000000077d180000,0x000000077d3a5010,0x000000077df80000)
  to   space 44032K, 0% used [0x0000000778980000,0x0000000778980000,0x000000077b480000)
 ParOldGen       total 273920K, used 70201K [0x00000006c0000000, 0x00000006d0b80000, 0x000000076ab00000)
  object space 273920K, 25% used [0x00000006c0000000,0x00000006c448e508,0x00000006d0b80000)
 Metaspace       used 17655K, capacity 17983K, committed 18176K, reserved 1064960K
  class space    used 2126K, capacity 2243K, committed 2304K, reserved 1048576K
GC Heap History (10 events):
Event: 3.622 GC heap before
{Heap before GC invocations=4 (full 0):
 PSYoungGen      total 76288K, used 69620K [0x000000076ab00000, 0x0000000774000000, 0x00000007c0000000)
  eden space 65536K, 100% used [0x000000076ab00000,0x000000076eb00000,0x000000076eb00000)
  from space 10752K, 37% used [0x000000076eb00000,0x000000076eefd120,0x000000076f580000)
  to   space 10752K, 0% used [0x0000000773580000,0x0000000773580000,0x0000000774000000)
 ParOldGen       total 175104K, used 84877K [0x00000006c0000000, 0x00000006cab00000, 0x000000076ab00000)
  object space 175104K, 48% used [0x00000006c0000000,0x00000006c52e36c8,0x00000006cab00000)
 Metaspace       used 17633K, capacity 17983K, committed 18176K, reserved 1064960K
  class space    used 2126K, capacity 2243K, committed 2304K, reserved 1048576K
Event: 3.635 GC heap after
Heap after GC invocations=4 (full 0):
 PSYoungGen      total 141824K, used 4052K [0x000000076ab00000, 0x0000000774000000, 0x00000007c0000000)
  eden space 131072K, 0% used [0x000000076ab00000,0x000000076ab00000,0x0000000772b00000)
  from space 10752K, 37% used [0x0000000773580000,0x0000000773975100,0x0000000774000000)
  to   space 10752K, 0% used [0x0000000772b00000,0x0000000772b00000,0x0000000773580000)
 ParOldGen       total 175104K, used 134029K [0x00000006c0000000, 0x00000006cab00000, 0x000000076ab00000)
  object space 175104K, 76% used [0x00000006c0000000,0x00000006c82e36f8,0x00000006cab00000)
 Metaspace       used 17633K, capacity 17983K, committed 18176K, reserved 1064960K
  class space    used 2126K, capacity 2243K, committed 2304K, reserved 1048576K
}
Event: 3.635 GC heap before
{Heap before GC invocations=5 (full 1):
 PSYoungGen      total 141824K, used 4052K [0x000000076ab00000, 0x0000000774000000, 0x00000007c0000000)
  eden space 131072K, 0% used [0x000000076ab00000,0x000000076ab00000,0x0000000772b00000)
  from space 10752K, 37% used [0x0000000773580000,0x0000000773975100,0x0000000774000000)
  to   space 10752K, 0% used [0x0000000772b00000,0x0000000772b00000,0x0000000773580000)
 ParOldGen       total 175104K, used 134029K [0x00000006c0000000, 0x00000006cab00000, 0x000000076ab00000)
  object space 175104K, 76% used [0x00000006c0000000,0x00000006c82e36f8,0x00000006cab00000)
 Metaspace       used 17633K, capacity 17983K, committed 18176K, reserved 1064960K
  class space    used 2126K, capacity 2243K, committed 2304K, reserved 1048576K
Event: 3.651 GC heap after
Heap after GC invocations=5 (full 1):
 PSYoungGen      total 141824K, used 0K [0x000000076ab00000, 0x0000000774000000, 0x00000007c0000000)
  eden space 131072K, 0% used [0x000000076ab00000,0x000000076ab00000,0x0000000772b00000)
  from space 10752K, 0% used [0x0000000773580000,0x0000000773580000,0x0000000774000000)
  to   space 10752K, 0% used [0x0000000772b00000,0x0000000772b00000,0x0000000773580000)
 ParOldGen       total 177664K, used 37430K [0x00000006c0000000, 0x00000006cad80000, 0x000000076ab00000)
  object space 177664K, 21% used [0x00000006c0000000,0x00000006c248d830,0x00000006cad80000)
 Metaspace       used 17633K, capacity 17983K, committed 18176K, reserved 1064960K
  class space    used 2126K, capacity 2243K, committed 2304K, reserved 1048576K
}
Event: 3.931 GC heap before
{Heap before GC invocations=6 (full 1):
 PSYoungGen      total 141824K, used 131072K [0x000000076ab00000, 0x0000000774000000, 0x00000007c0000000)
  eden space 131072K, 100% used [0x000000076ab00000,0x0000000772b00000,0x0000000772b00000)
  from space 10752K, 0% used [0x0000000773580000,0x0000000773580000,0x0000000774000000)
  to   space 10752K, 0% used [0x0000000772b00000,0x0000000772b00000,0x0000000773580000)
 ParOldGen       total 177664K, used 37430K [0x00000006c0000000, 0x00000006cad80000, 0x000000076ab00000)
  object space 177664K, 21% used [0x00000006c0000000,0x00000006c248d830,0x00000006cad80000)
 Metaspace       used 17633K, capacity 17983K, committed 18176K, reserved 1064960K
  class space    used 2126K, capacity 2243K, committed 2304K, reserved 1048576K
Event: 3.945 GC heap after
Heap after GC invocations=6 (full 1):
 PSYoungGen      total 141824K, used 224K [0x000000076ab00000, 0x000000077ff00000, 0x00000007c0000000)
  eden space 131072K, 0% used [0x000000076ab00000,0x000000076ab00000,0x0000000772b00000)
  from space 10752K, 2% used [0x0000000772b00000,0x0000000772b38000,0x0000000773580000)
  to   space 46592K, 0% used [0x000000077d180000,0x000000077d180000,0x000000077ff00000)
 ParOldGen       total 177664K, used 152118K [0x00000006c0000000, 0x00000006cad80000, 0x000000076ab00000)
  object space 177664K, 85% used [0x00000006c0000000,0x00000006c948d8a0,0x00000006cad80000)
 Metaspace       used 17633K, capacity 17983K, committed 18176K, reserved 1064960K
  class space    used 2126K, capacity 2243K, committed 2304K, reserved 1048576K
}
Event: 3.945 GC heap before
{Heap before GC invocations=7 (full 2):
 PSYoungGen      total 141824K, used 224K [0x000000076ab00000, 0x000000077ff00000, 0x00000007c0000000)
  eden space 131072K, 0% used [0x000000076ab00000,0x000000076ab00000,0x0000000772b00000)
  from space 10752K, 2% used [0x0000000772b00000,0x0000000772b38000,0x0000000773580000)
  to   space 46592K, 0% used [0x000000077d180000,0x000000077d180000,0x000000077ff00000)
 ParOldGen       total 177664K, used 152118K [0x00000006c0000000, 0x00000006cad80000, 0x000000076ab00000)
  object space 177664K, 85% used [0x00000006c0000000,0x00000006c948d8a0,0x00000006cad80000)
 Metaspace       used 17633K, capacity 17983K, committed 18176K, reserved 1064960K
  class space    used 2126K, capacity 2243K, committed 2304K, reserved 1048576K
Event: 3.956 GC heap after
Heap after GC invocations=7 (full 2):
 PSYoungGen      total 141824K, used 0K [0x000000076ab00000, 0x000000077ff00000, 0x00000007c0000000)
  eden space 131072K, 0% used [0x000000076ab00000,0x000000076ab00000,0x0000000772b00000)
  from space 10752K, 0% used [0x0000000772b00000,0x0000000772b00000,0x0000000773580000)
  to   space 46592K, 0% used [0x000000077d180000,0x000000077d180000,0x000000077ff00000)
 ParOldGen       total 273920K, used 70201K [0x00000006c0000000, 0x00000006d0b80000, 0x000000076ab00000)
  object space 273920K, 25% used [0x00000006c0000000,0x00000006c448e508,0x00000006d0b80000)
 Metaspace       used 17633K, capacity 17983K, committed 18176K, reserved 1064960K
  class space    used 2126K, capacity 2243K, committed 2304K, reserved 1048576K
}
Event: 4.106 GC heap before
{Heap before GC invocations=8 (full 2):
 PSYoungGen      total 141824K, used 131072K [0x000000076ab00000, 0x000000077ff00000, 0x00000007c0000000)
  eden space 131072K, 100% used [0x000000076ab00000,0x0000000772b00000,0x0000000772b00000)
  from space 10752K, 0% used [0x0000000772b00000,0x0000000772b00000,0x0000000773580000)
  to   space 46592K, 0% used [0x000000077d180000,0x000000077d180000,0x000000077ff00000)
 ParOldGen       total 273920K, used 70201K [0x00000006c0000000, 0x00000006d0b80000, 0x000000076ab00000)
  object space 273920K, 25% used [0x00000006c0000000,0x00000006c448e508,0x00000006d0b80000)
 Metaspace       used 17635K, capacity 17983K, committed 18176K, reserved 1064960K
  class space    used 2126K, capacity 2243K, committed 2304K, reserved 1048576K
Event: 4.108 GC heap after
Heap after GC invocations=8 (full 2):
 PSYoungGen      total 242176K, used 2196K [0x000000076ab00000, 0x000000077df80000, 0x00000007c0000000)
  eden space 227840K, 0% used [0x000000076ab00000,0x000000076ab00000,0x0000000778980000)
  from space 14336K, 15% used [0x000000077d180000,0x000000077d3a5010,0x000000077df80000)
  to   space 44032K, 0% used [0x0000000778980000,0x0000000778980000,0x000000077b480000)
 ParOldGen       total 273920K, used 70201K [0x00000006c0000000, 0x00000006d0b80000, 0x000000076ab00000)
  object space 273920K, 25% used [0x00000006c0000000,0x00000006c448e508,0x00000006d0b80000)
 Metaspace       used 17635K, capacity 17983K, committed 18176K, reserved 1064960K
  class space    used 2126K, capacity 2243K, committed 2304K, reserved 1048576K
}

