# JRE version: Java(TM) SE Runtime Environment (8.0_161-b12) (build 1.8.0_161-b12)
# Java VM: Java HotSpot(TM) 64-Bit Server VM (25.161-b12 mixed mode bsd-amd64 compressed oops)
Heap:
 PSYoungGen      total 244224K, used 6736K [0x000000076ab00000, 0x000000077e280000, 0x00000007c0000000)
  eden space 229888K, 1% used [0x000000076ab00000,0x000000076af67200,0x0000000778b80000)
  from space 14336K, 15% used [0x000000077d480000,0x000000077d6ad010,0x000000077e280000)
  to   space 44544K, 0% used [0x0000000778b80000,0x0000000778b80000,0x000000077b700000)
 ParOldGen       total 273920K, used 70207K [0x00000006c0000000, 0x00000006d0b80000, 0x000000076ab00000)
  object space 273920K, 25% used [0x00000006c0000000,0x00000006c448fd48,0x00000006d0b80000)
 Metaspace       used 17699K, capacity 18059K, committed 18176K, reserved 1064960K
  class space    used 2126K, capacity 2243K, committed 2304K, reserved 1048576K
GC Heap History (10 events):
Event: 6.553 GC heap before
{Heap before GC invocations=4 (full 0):
 PSYoungGen      total 76288K, used 75812K [0x000000076ab00000, 0x0000000774000000, 0x00000007c0000000)
  eden space 65536K, 100% used [0x000000076ab00000,0x000000076eb00000,0x000000076eb00000)
  from space 10752K, 95% used [0x000000076eb00000,0x000000076f509150,0x000000076f580000)
  to   space 10752K, 0% used [0x0000000773580000,0x0000000773580000,0x0000000774000000)
 ParOldGen       total 175104K, used 88013K [0x00000006c0000000, 0x00000006cab00000, 0x000000076ab00000)
  object space 175104K, 50% used [0x00000006c0000000,0x00000006c55f3688,0x00000006cab00000)
 Metaspace       used 17676K, capacity 18059K, committed 18176K, reserved 1064960K
  class space    used 2126K, capacity 2243K, committed 2304K, reserved 1048576K
Event: 6.567 GC heap after
Heap after GC invocations=4 (full 0):
 PSYoungGen      total 141824K, used 10260K [0x000000076ab00000, 0x0000000774000000, 0x00000007c0000000)
  eden space 131072K, 0% used [0x000000076ab00000,0x000000076ab00000,0x0000000772b00000)
  from space 10752K, 95% used [0x0000000773580000,0x0000000773f85140,0x0000000774000000)
  to   space 10752K, 0% used [0x0000000772b00000,0x0000000772b00000,0x0000000773580000)
 ParOldGen       total 175104K, used 140237K [0x00000006c0000000, 0x00000006cab00000, 0x000000076ab00000)
  object space 175104K, 80% used [0x00000006c0000000,0x00000006c88f36c8,0x00000006cab00000)
 Metaspace       used 17676K, capacity 18059K, committed 18176K, reserved 1064960K
  class space    used 2126K, capacity 2243K, committed 2304K, reserved 1048576K
}
Event: 6.567 GC heap before
{Heap before GC invocations=5 (full 1):
 PSYoungGen      total 141824K, used 10260K [0x000000076ab00000, 0x0000000774000000, 0x00000007c0000000)
  eden space 131072K, 0% used [0x000000076ab00000,0x000000076ab00000,0x0000000772b00000)
  from space 10752K, 95% used [0x0000000773580000,0x0000000773f85140,0x0000000774000000)
  to   space 10752K, 0% used [0x0000000772b00000,0x0000000772b00000,0x0000000773580000)
 ParOldGen       total 175104K, used 140237K [0x00000006c0000000, 0x00000006cab00000, 0x000000076ab00000)
  object space 175104K, 80% used [0x00000006c0000000,0x00000006c88f36c8,0x00000006cab00000)
 Metaspace       used 17676K, capacity 18059K, committed 18176K, reserved 1064960K
  class space    used 2126K, capacity 2243K, committed 2304K, reserved 1048576K
Event: 6.583 GC heap after
Heap after GC invocations=5 (full 1):
 PSYoungGen      total 141824K, used 0K [0x000000076ab00000, 0x0000000774000000, 0x00000007c0000000)
  eden space 131072K, 0% used [0x000000076ab00000,0x000000076ab00000,0x0000000772b00000)
  from space 10752K, 0% used [0x0000000773580000,0x0000000773580000,0x0000000774000000)
  to   space 10752K, 0% used [0x0000000772b00000,0x0000000772b00000,0x0000000773580000)
 ParOldGen       total 180736K, used 37436K [0x00000006c0000000, 0x00000006cb080000, 0x000000076ab00000)
  object space 180736K, 20% used [0x00000006c0000000,0x00000006c248f070,0x00000006cb080000)
 Metaspace       used 17676K, capacity 18059K, committed 18176K, reserved 1064960K
  class space    used 2126K, capacity 2243K, committed 2304K, reserved 1048576K
}
Event: 6.866 GC heap before
{Heap before GC invocations=6 (full 1):
 PSYoungGen      total 141824K, used 131072K [0x000000076ab00000, 0x0000000774000000, 0x00000007c0000000)
  eden space 131072K, 100% used [0x000000076ab00000,0x0000000772b00000,0x0000000772b00000)
  from space 10752K, 0% used [0x0000000773580000,0x0000000773580000,0x0000000774000000)
  to   space 10752K, 0% used [0x0000000772b00000,0x0000000772b00000,0x0000000773580000)
 ParOldGen       total 180736K, used 37436K [0x00000006c0000000, 0x00000006cb080000, 0x000000076ab00000)
  object space 180736K, 20% used [0x00000006c0000000,0x00000006c248f070,0x00000006cb080000)
 Metaspace       used 17676K, capacity 18059K, committed 18176K, reserved 1064960K
  class space    used 2126K, capacity 2243K, committed 2304K, reserved 1048576K
Event: 6.878 GC heap after
Heap after GC invocations=6 (full 1):
 PSYoungGen      total 141824K, used 224K [0x000000076ab00000, 0x0000000780180000, 0x00000007c0000000)
  eden space 131072K, 0% used [0x000000076ab00000,0x000000076ab00000,0x0000000772b00000)
  from space 10752K, 2% used [0x0000000772b00000,0x0000000772b38000,0x0000000773580000)
  to   space 46080K, 0% used [0x000000077d480000,0x000000077d480000,0x0000000780180000)
 ParOldGen       total 180736K, used 152124K [0x00000006c0000000, 0x00000006cb080000, 0x000000076ab00000)
  object space 180736K, 84% used [0x00000006c0000000,0x00000006c948f0e0,0x00000006cb080000)
 Metaspace       used 17676K, capacity 18059K, committed 18176K, reserved 1064960K
  class space    used 2126K, capacity 2243K, committed 2304K, reserved 1048576K
}
Event: 6.878 GC heap before
{Heap before GC invocations=7 (full 2):
 PSYoungGen      total 141824K, used 224K [0x000000076ab00000, 0x0000000780180000, 0x00000007c0000000)
  eden space 131072K, 0% used [0x000000076ab00000,0x000000076ab00000,0x0000000772b00000)
  from space 10752K, 2% used [0x0000000772b00000,0x0000000772b38000,0x0000000773580000)
  to   space 46080K, 0% used [0x000000077d480000,0x000000077d480000,0x0000000780180000)
 ParOldGen       total 180736K, used 152124K [0x00000006c0000000, 0x00000006cb080000, 0x000000076ab00000)
  object space 180736K, 84% used [0x00000006c0000000,0x00000006c948f0e0,0x00000006cb080000)
 Metaspace       used 17676K, capacity 18059K, committed 18176K, reserved 1064960K
  class space    used 2126K, capacity 2243K, committed 2304K, reserved 1048576K
Event: 6.890 GC heap after
Heap after GC invocations=7 (full 2):
 PSYoungGen      total 141824K, used 0K [0x000000076ab00000, 0x0000000780180000, 0x00000007c0000000)
  eden space 131072K, 0% used [0x000000076ab00000,0x000000076ab00000,0x0000000772b00000)
  from space 10752K, 0% used [0x0000000772b00000,0x0000000772b00000,0x0000000773580000)
  to   space 46080K, 0% used [0x000000077d480000,0x000000077d480000,0x0000000780180000)
 ParOldGen       total 273920K, used 70207K [0x00000006c0000000, 0x00000006d0b80000, 0x000000076ab00000)
  object space 273920K, 25% used [0x00000006c0000000,0x00000006c448fd48,0x00000006d0b80000)
 Metaspace       used 17676K, capacity 18059K, committed 18176K, reserved 1064960K
  class space    used 2126K, capacity 2243K, committed 2304K, reserved 1048576K
}
Event: 7.046 GC heap before
{Heap before GC invocations=8 (full 2):
 PSYoungGen      total 141824K, used 131072K [0x000000076ab00000, 0x0000000780180000, 0x00000007c0000000)
  eden space 131072K, 100% used [0x000000076ab00000,0x0000000772b00000,0x0000000772b00000)
  from space 10752K, 0% used [0x0000000772b00000,0x0000000772b00000,0x0000000773580000)
  to   space 46080K, 0% used [0x000000077d480000,0x000000077d480000,0x0000000780180000)
 ParOldGen       total 273920K, used 70207K [0x00000006c0000000, 0x00000006d0b80000, 0x000000076ab00000)
  object space 273920K, 25% used [0x00000006c0000000,0x00000006c448fd48,0x00000006d0b80000)
 Metaspace       used 17678K, capacity 18059K, committed 18176K, reserved 1064960K
  class space    used 2126K, capacity 2243K, committed 2304K, reserved 1048576K
Event: 7.048 GC heap after
Heap after GC invocations=8 (full 2):
 PSYoungGen      total 244224K, used 2228K [0x000000076ab00000, 0x000000077e280000, 0x00000007c0000000)
  eden space 229888K, 0% used [0x000000076ab00000,0x000000076ab00000,0x0000000778b80000)
  from space 14336K, 15% used [0x000000077d480000,0x000000077d6ad010,0x000000077e280000)
  to   space 44544K, 0% used [0x0000000778b80000,0x0000000778b80000,0x000000077b700000)
 ParOldGen       total 273920K, used 70207K [0x00000006c0000000, 0x00000006d0b80000, 0x000000076ab00000)
  object space 273920K, 25% used [0x00000006c0000000,0x00000006c448fd48,0x00000006d0b80000)
 Metaspace       used 17678K, capacity 18059K, committed 18176K, reserved 1064960K
  class space    used 2126K, capacity 2243K, committed 2304K, reserved 1048576K
}

