# JRE version: Java(TM) SE Runtime Environment (8.0_161-b12) (build 1.8.0_161-b12)
# Java VM: Java HotSpot(TM) 64-Bit Server VM (25.161-b12 mixed mode bsd-amd64 compressed oops)
Heap:
 PSYoungGen      total 254976K, used 6803K [0x000000076ab00000, 0x000000077e600000, 0x00000007c0000000)
  eden space 234496K, 1% used [0x000000076ab00000,0x000000076af7cf80,0x0000000779000000)
  from space 20480K, 10% used [0x000000077d200000,0x000000077d428000,0x000000077e600000)
  to   space 44032K, 0% used [0x0000000779000000,0x0000000779000000,0x000000077bb00000)
 ParOldGen       total 269824K, used 70207K [0x00000006c0000000, 0x00000006d0780000, 0x000000076ab00000)
  object space 269824K, 26% used [0x00000006c0000000,0x00000006c448fcd0,0x00000006d0780000)
 Metaspace       used 17646K, capacity 17999K, committed 18176K, reserved 1064960K
  class space    used 2125K, capacity 2243K, committed 2304K, reserved 1048576K
GC Heap History (10 events):
Event: 3.499 GC heap before
{Heap before GC invocations=4 (full 0):
 PSYoungGen      total 76288K, used 69700K [0x000000076ab00000, 0x0000000774000000, 0x00000007c0000000)
  eden space 65536K, 100% used [0x000000076ab00000,0x000000076eb00000,0x000000076eb00000)
  from space 10752K, 38% used [0x000000076eb00000,0x000000076ef11110,0x000000076f580000)
  to   space 10752K, 0% used [0x0000000773580000,0x0000000773580000,0x0000000774000000)
 ParOldGen       total 175104K, used 85237K [0x00000006c0000000, 0x00000006cab00000, 0x000000076ab00000)
  object space 175104K, 48% used [0x00000006c0000000,0x00000006c533d450,0x00000006cab00000)
 Metaspace       used 17636K, capacity 17999K, committed 18176K, reserved 1064960K
  class space    used 2125K, capacity 2243K, committed 2304K, reserved 1048576K
Event: 3.513 GC heap after
Heap after GC invocations=4 (full 0):
 PSYoungGen      total 141824K, used 4052K [0x000000076ab00000, 0x0000000774000000, 0x00000007c0000000)
  eden space 131072K, 0% used [0x000000076ab00000,0x000000076ab00000,0x0000000772b00000)
  from space 10752K, 37% used [0x0000000773580000,0x0000000773975120,0x0000000774000000)
  to   space 10752K, 0% used [0x0000000772b00000,0x0000000772b00000,0x0000000773580000)
 ParOldGen       total 175104K, used 134389K [0x00000006c0000000, 0x00000006cab00000, 0x000000076ab00000)
  object space 175104K, 76% used [0x00000006c0000000,0x00000006c833d480,0x00000006cab00000)
 Metaspace       used 17636K, capacity 17999K, committed 18176K, reserved 1064960K
  class space    used 2125K, capacity 2243K, committed 2304K, reserved 1048576K
}
Event: 3.513 GC heap before
{Heap before GC invocations=5 (full 1):
 PSYoungGen      total 141824K, used 4052K [0x000000076ab00000, 0x0000000774000000, 0x00000007c0000000)
  eden space 131072K, 0% used [0x000000076ab00000,0x000000076ab00000,0x0000000772b00000)
  from space 10752K, 37% used [0x0000000773580000,0x0000000773975120,0x0000000774000000)
  to   space 10752K, 0% used [0x0000000772b00000,0x0000000772b00000,0x0000000773580000)
 ParOldGen       total 175104K, used 134389K [0x00000006c0000000, 0x00000006cab00000, 0x000000076ab00000)
  object space 175104K, 76% used [0x00000006c0000000,0x00000006c833d480,0x00000006cab00000)
 Metaspace       used 17636K, capacity 17999K, committed 18176K, reserved 1064960K
  class space    used 2125K, capacity 2243K, committed 2304K, reserved 1048576K
Event: 3.529 GC heap after
Heap after GC invocations=5 (full 1):
 PSYoungGen      total 141824K, used 0K [0x000000076ab00000, 0x0000000774000000, 0x00000007c0000000)
  eden space 131072K, 0% used [0x000000076ab00000,0x000000076ab00000,0x0000000772b00000)
  from space 10752K, 0% used [0x0000000773580000,0x0000000773580000,0x0000000774000000)
  to   space 10752K, 0% used [0x0000000772b00000,0x0000000772b00000,0x0000000773580000)
 ParOldGen       total 177152K, used 37435K [0x00000006c0000000, 0x00000006cad00000, 0x000000076ab00000)
  object space 177152K, 21% used [0x00000006c0000000,0x00000006c248eff8,0x00000006cad00000)
 Metaspace       used 17636K, capacity 17999K, committed 18176K, reserved 1064960K
  class space    used 2125K, capacity 2243K, committed 2304K, reserved 1048576K
}
Event: 3.810 GC heap before
{Heap before GC invocations=6 (full 1):
 PSYoungGen      total 141824K, used 131072K [0x000000076ab00000, 0x0000000774000000, 0x00000007c0000000)
  eden space 131072K, 100% used [0x000000076ab00000,0x0000000772b00000,0x0000000772b00000)
  from space 10752K, 0% used [0x0000000773580000,0x0000000773580000,0x0000000774000000)
  to   space 10752K, 0% used [0x0000000772b00000,0x0000000772b00000,0x0000000773580000)
 ParOldGen       total 177152K, used 37435K [0x00000006c0000000, 0x00000006cad00000, 0x000000076ab00000)
  object space 177152K, 21% used [0x00000006c0000000,0x00000006c248eff8,0x00000006cad00000)
 Metaspace       used 17636K, capacity 17999K, committed 18176K, reserved 1064960K
  class space    used 2125K, capacity 2243K, committed 2304K, reserved 1048576K
Event: 3.824 GC heap after
Heap after GC invocations=6 (full 1):
 PSYoungGen      total 141824K, used 224K [0x000000076ab00000, 0x000000077ff80000, 0x00000007c0000000)
  eden space 131072K, 0% used [0x000000076ab00000,0x000000076ab00000,0x0000000772b00000)
  from space 10752K, 2% used [0x0000000772b00000,0x0000000772b38000,0x0000000773580000)
  to   space 46592K, 0% used [0x000000077d200000,0x000000077d200000,0x000000077ff80000)
 ParOldGen       total 177152K, used 152124K [0x00000006c0000000, 0x00000006cad00000, 0x000000076ab00000)
  object space 177152K, 85% used [0x00000006c0000000,0x00000006c948f068,0x00000006cad00000)
 Metaspace       used 17636K, capacity 17999K, committed 18176K, reserved 1064960K
  class space    used 2125K, capacity 2243K, committed 2304K, reserved 1048576K
}
Event: 3.824 GC heap before
{Heap before GC invocations=7 (full 2):
 PSYoungGen      total 141824K, used 224K [0x000000076ab00000, 0x000000077ff80000, 0x00000007c0000000)
  eden space 131072K, 0% used [0x000000076ab00000,0x000000076ab00000,0x0000000772b00000)
  from space 10752K, 2% used [0x0000000772b00000,0x0000000772b38000,0x0000000773580000)
  to   space 46592K, 0% used [0x000000077d200000,0x000000077d200000,0x000000077ff80000)
 ParOldGen       total 177152K, used 152124K [0x00000006c0000000, 0x00000006cad00000, 0x000000076ab00000)
  object space 177152K, 85% used [0x00000006c0000000,0x00000006c948f068,0x00000006cad00000)
 Metaspace       used 17636K, capacity 17999K, committed 18176K, reserved 1064960K
  class space    used 2125K, capacity 2243K, committed 2304K, reserved 1048576K
Event: 3.834 GC heap after
Heap after GC invocations=7 (full 2):
 PSYoungGen      total 141824K, used 0K [0x000000076ab00000, 0x000000077ff80000, 0x00000007c0000000)
  eden space 131072K, 0% used [0x000000076ab00000,0x000000076ab00000,0x0000000772b00000)
  from space 10752K, 0% used [0x0000000772b00000,0x0000000772b00000,0x0000000773580000)
  to   space 46592K, 0% used [0x000000077d200000,0x000000077d200000,0x000000077ff80000)
 ParOldGen       total 269824K, used 70207K [0x00000006c0000000, 0x00000006d0780000, 0x000000076ab00000)
  object space 269824K, 26% used [0x00000006c0000000,0x00000006c448fcd0,0x00000006d0780000)
 Metaspace       used 17636K, capacity 17999K, committed 18176K, reserved 1064960K
  class space    used 2125K, capacity 2243K, committed 2304K, reserved 1048576K
}
Event: 3.985 GC heap before
{Heap before GC invocations=8 (full 2):
 PSYoungGen      total 141824K, used 131072K [0x000000076ab00000, 0x000000077ff80000, 0x00000007c0000000)
  eden space 131072K, 100% used [0x000000076ab00000,0x0000000772b00000,0x0000000772b00000)
  from space 10752K, 0% used [0x0000000772b00000,0x0000000772b00000,0x0000000773580000)
  to   space 46592K, 0% used [0x000000077d200000,0x000000077d200000,0x000000077ff80000)
 ParOldGen       total 269824K, used 70207K [0x00000006c0000000, 0x00000006d0780000, 0x000000076ab00000)
  object space 269824K, 26% used [0x00000006c0000000,0x00000006c448fcd0,0x00000006d0780000)
 Metaspace       used 17638K, capacity 17999K, committed 18176K, reserved 1064960K
  class space    used 2125K, capacity 2243K, committed 2304K, reserved 1048576K
Event: 3.987 GC heap after
Heap after GC invocations=8 (full 2):
 PSYoungGen      total 254976K, used 2208K [0x000000076ab00000, 0x000000077e600000, 0x00000007c0000000)
  eden space 234496K, 0% used [0x000000076ab00000,0x000000076ab00000,0x0000000779000000)
  from space 20480K, 10% used [0x000000077d200000,0x000000077d428000,0x000000077e600000)
  to   space 44032K, 0% used [0x0000000779000000,0x0000000779000000,0x000000077bb00000)
 ParOldGen       total 269824K, used 70207K [0x00000006c0000000, 0x00000006d0780000, 0x000000076ab00000)
  object space 269824K, 26% used [0x00000006c0000000,0x00000006c448fcd0,0x00000006d0780000)
 Metaspace       used 17638K, capacity 17999K, committed 18176K, reserved 1064960K
  class space    used 2125K, capacity 2243K, committed 2304K, reserved 1048576K
}

